-------------------------------------------------------------------------------
Test set: project.senior.app.pormmo.AppTest
-------------------------------------------------------------------------------
Tests run: 1, Failures: 1, Errors: 0, Skipped: 0, Time elapsed: 0.424 sec <<< FAILURE!
testMain(project.senior.app.pormmo.AppTest)  Time elapsed: 0.405 sec  <<< FAILURE!
junit.framework.AssertionFailedError: The test case is a prototype.
	at junit.framework.Assert.fail(Assert.java:47)
	at project.senior.app.pormmo.AppTest.testMain(AppTest.java:37)
