-------------------------------------------------------------------------------
Test set: project.senior.app.pormmo.AppTest
-------------------------------------------------------------------------------
Tests run: 1, Failures: 0, Errors: 1, Skipped: 0, Time elapsed: 0.017 sec <<< FAILURE!
testMain(project.senior.app.pormmo.AppTest)  Time elapsed: 0.005 sec  <<< ERROR!
java.lang.AssertionError
	at project.senior.app.pormmo.AppTest.testMain(AppTest.java:34)
